28.06.2025 - 15:24:37 - [TAB v5.2.0] Blocked attempt to add player AryanIssPro into team PVP-427bc943f939 (expected team: 6AryanIssProA)
28.06.2025 - 15:24:37 - [TAB v5.2.0] Blocked attempt to add player Webster_OG into team PVP-14c6c606e067 (expected team: 6Webster_OGA)
28.06.2025 - 15:25:36 - [TAB v5.2.0] Blocked attempt to add player AryanIssPro into team PVP-427bc943f939 (expected team: 6AryanIssProA)
28.06.2025 - 15:29:04 - [TAB v5.2.0] Blocked attempt to add player Webster_OG into team PVP-14c6c606e067 (expected team: 6Webster_OGA)
28.06.2025 - 15:29:44 - [TAB v5.2.0] Blocked attempt to add player AryanIssPro into team PVP-427bc943f939 (expected team: 6AryanIssProA)
28.06.2025 - 15:29:44 - [TAB v5.2.0] Blocked attempt to add player Webster_OG into team PVP-14c6c606e067 (expected team: 6Webster_OGA)
28.06.2025 - 15:30:52 - [TAB v5.2.0] Blocked attempt to add player AryanIssPro into team PVP-427bc943f939 (expected team: 6AryanIssProA)
28.06.2025 - 15:31:07 - [TAB v5.2.0] Blocked attempt to add player Webster_OG into team PVP-14c6c606e067 (expected team: 6Webster_OGA)
28.06.2025 - 15:31:07 - [TAB v5.2.0] Blocked attempt to add player AryanIssPro into team PVP-427bc943f939 (expected team: 6AryanIssProA)
28.06.2025 - 15:31:19 - [TAB v5.2.0] Blocked attempt to add player Webster_OG into team PVP-14c6c606e067 (expected team: 6Webster_OGA)
28.06.2025 - 15:31:19 - [TAB v5.2.0] Blocked attempt to add player AryanIssPro into team PVP-427bc943f939 (expected team: 6AryanIssProA)
28.06.2025 - 15:31:46 - [TAB v5.2.0] Blocked attempt to add player Webster_OG into team PVP-14c6c606e067 (expected team: 6Webster_OGA)
28.06.2025 - 15:41:15 - [TAB v5.2.0] Blocked attempt to add player AryanIssPro into team PVP-427bc943f939 (expected team: 6AryanIssProA)
28.06.2025 - 15:41:15 - [TAB v5.2.0] Blocked attempt to add player Webster_OG into team PVP-14c6c606e067 (expected team: 6Webster_OGA)
28.06.2025 - 15:41:56 - [TAB v5.2.0] Blocked attempt to add player AryanIssPro into team PVP-427bc943f939 (expected team: 6AryanIssProA)
28.06.2025 - 15:41:56 - [TAB v5.2.0] Blocked attempt to add player Webster_OG into team PVP-14c6c606e067 (expected team: 6Webster_OGA)
28.06.2025 - 15:42:07 - [TAB v5.2.0] Blocked attempt to add player AryanIssPro into team PVP-427bc943f939 (expected team: 6AryanIssProA)
28.06.2025 - 15:42:07 - [TAB v5.2.0] Blocked attempt to add player Webster_OG into team PVP-14c6c606e067 (expected team: 6Webster_OGA)
28.06.2025 - 15:42:41 - [TAB v5.2.0] Blocked attempt to add player AryanIssPro into team PVP-427bc943f939 (expected team: 6AryanIssProA)
28.06.2025 - 15:42:41 - [TAB v5.2.0] Blocked attempt to add player Webster_OG into team PVP-14c6c606e067 (expected team: 6Webster_OGA)
28.06.2025 - 15:43:01 - [TAB v5.2.0] Blocked attempt to add player AryanIssPro into team PVP-427bc943f939 (expected team: 6AryanIssProA)
28.06.2025 - 15:44:10 - [TAB v5.2.0] Blocked attempt to add player Webster_OG into team PVP-14c6c606e067 (expected team: 6Webster_OGA)
28.06.2025 - 15:44:10 - [TAB v5.2.0] Blocked attempt to add player AryanIssPro into team PVP-427bc943f939 (expected team: 6AryanIssProA)
28.06.2025 - 15:44:29 - [TAB v5.2.0] Blocked attempt to add player Webster_OG into team PVP-14c6c606e067 (expected team: 6Webster_OGA)
28.06.2025 - 15:45:02 - [TAB v5.2.0] Blocked attempt to add player AryanIssPro into team PVP-427bc943f939 (expected team: 6AryanIssProA)
28.06.2025 - 15:45:53 - [TAB v5.2.0] Blocked attempt to add player Webster_OG into team PVP-14c6c606e067 (expected team: 6Webster_OGA)
28.06.2025 - 15:45:53 - [TAB v5.2.0] Blocked attempt to add player AryanIssPro into team PVP-427bc943f939 (expected team: 6AryanIssProA)
28.06.2025 - 15:46:04 - [TAB v5.2.0] Blocked attempt to add player Webster_OG into team PVP-14c6c606e067 (expected team: 6Webster_OGA)
28.06.2025 - 15:46:04 - [TAB v5.2.0] Blocked attempt to add player AryanIssPro into team PVP-427bc943f939 (expected team: 6AryanIssProA)
28.06.2025 - 15:46:15 - [TAB v5.2.0] Blocked attempt to add player Webster_OG into team PVP-14c6c606e067 (expected team: 6Webster_OGA)
28.06.2025 - 15:46:15 - [TAB v5.2.0] Blocked attempt to add player AryanIssPro into team PVP-427bc943f939 (expected team: 6AryanIssProA)
28.06.2025 - 16:05:51 - [TAB v5.2.0] Blocked attempt to add player Webster_OG into team PVP-14c6c606e067 (expected team: 6Webster_OGA)
29.06.2025 - 11:59:02 - [TAB v5.2.0] Blocked attempt to add player AryanIssPro into team PVP-427bc943f939 (expected team: 6AryanIssProA)
29.06.2025 - 11:59:02 - [TAB v5.2.0] Blocked attempt to add player .AryaveerIsPro into team PVP-00901f35006a (expected team: 6.AryaveerIsProA)
29.06.2025 - 11:59:45 - [TAB v5.2.0] Blocked attempt to add player AryanIssPro into team PVP-427bc943f939 (expected team: 6AryanIssProA)
29.06.2025 - 12:00:55 - [TAB v5.2.0] Blocked attempt to add player .AryaveerIsPro into team PVP-00901f35006a (expected team: 6.AryaveerIsProA)
29.06.2025 - 12:00:55 - [TAB v5.2.0] Blocked attempt to add player Webster_OG into team PVP-14c6c606e067 (expected team: 6Webster_OGA)
29.06.2025 - 12:01:22 - [TAB v5.2.0] Blocked attempt to add player AryanIssPro into team PVP-427bc943f939 (expected team: 6AryanIssProA)
29.06.2025 - 12:01:22 - [TAB v5.2.0] Blocked attempt to add player Webster_OG into team PVP-14c6c606e067 (expected team: 6Webster_OGA)
29.06.2025 - 12:01:25 - [TAB v5.2.0] Blocked attempt to add player .AryaveerIsPro into team PVP-00901f35006a (expected team: 6.AryaveerIsProA)
29.06.2025 - 12:01:55 - [TAB v5.2.0] Blocked attempt to add player AryanIssPro into team PVP-427bc943f939 (expected team: 6AryanIssProA)
29.06.2025 - 12:01:55 - [TAB v5.2.0] Blocked attempt to add player Webster_OG into team PVP-14c6c606e067 (expected team: 6Webster_OGA)
29.06.2025 - 12:02:27 - [TAB v5.2.0] Blocked attempt to add player AryanIssPro into team PVP-427bc943f939 (expected team: 6AryanIssProA)
29.06.2025 - 12:02:48 - [TAB v5.2.0] Blocked attempt to add player .AryaveerIsPro into team PVP-00901f35006a (expected team: 6.AryaveerIsProA)
29.06.2025 - 12:02:48 - [TAB v5.2.0] Blocked attempt to add player AryanIssPro into team PVP-427bc943f939 (expected team: 6AryanIssProA)
29.06.2025 - 12:02:50 - [TAB v5.2.0] Blocked attempt to add player Webster_OG into team PVP-14c6c606e067 (expected team: 6Webster_OGA)
29.06.2025 - 12:04:10 - [TAB v5.2.0] Blocked attempt to add player AryanIssPro into team PVP-427bc943f939 (expected team: 6AryanIssProA)
29.06.2025 - 12:04:10 - [TAB v5.2.0] Blocked attempt to add player .AryaveerIsPro into team PVP-00901f35006a (expected team: 6.AryaveerIsProA)
29.06.2025 - 12:04:10 - [TAB v5.2.0] Blocked attempt to add player AryanIssPro into team PVP-427bc943f939 (expected team: 6AryanIssProA)
29.06.2025 - 12:04:47 - [TAB v5.2.0] Blocked attempt to add player Webster_OG into team PVP-14c6c606e067 (expected team: 6Webster_OGA)
29.06.2025 - 12:05:20 - [TAB v5.2.0] Blocked attempt to add player .AryaveerIsPro into team PVP-00901f35006a (expected team: 6.AryaveerIsProA)
29.06.2025 - 12:05:20 - [TAB v5.2.0] Blocked attempt to add player Webster_OG into team PVP-14c6c606e067 (expected team: 6Webster_OGA)
29.06.2025 - 12:06:25 - [TAB v5.2.0] Blocked attempt to add player .AryaveerIsPro into team PVP-00901f35006a (expected team: 6.AryaveerIsProA)
29.06.2025 - 12:06:25 - [TAB v5.2.0] Blocked attempt to add player Webster_OG into team PVP-14c6c606e067 (expected team: 6Webster_OGA)
29.06.2025 - 12:06:53 - [TAB v5.2.0] Blocked attempt to add player .AryaveerIsPro into team PVP-00901f35006a (expected team: 6.AryaveerIsProA)
29.06.2025 - 12:06:53 - [TAB v5.2.0] Blocked attempt to add player AryanIssPro into team PVP-427bc943f939 (expected team: 6AryanIssProA)
29.06.2025 - 12:10:34 - [TAB v5.2.0] Blocked attempt to add player .AryaveerIsPro into team PVP-00901f35006a (expected team: 6.AryaveerIsProA)
29.06.2025 - 12:10:34 - [TAB v5.2.0] Blocked attempt to add player Webster_OG into team PVP-14c6c606e067 (expected team: 6Webster_OGA)
29.06.2025 - 12:10:50 - [TAB v5.2.0] Blocked attempt to add player .AryaveerIsPro into team PVP-00901f35006a (expected team: 6.AryaveerIsProA)
29.06.2025 - 12:10:50 - [TAB v5.2.0] Blocked attempt to add player Webster_OG into team PVP-14c6c606e067 (expected team: 6Webster_OGA)
29.06.2025 - 12:11:21 - [TAB v5.2.0] Blocked attempt to add player .AryaveerIsPro into team PVP-00901f35006a (expected team: 6.AryaveerIsProA)
29.06.2025 - 12:11:21 - [TAB v5.2.0] Blocked attempt to add player Webster_OG into team PVP-14c6c606e067 (expected team: 6Webster_OGA)
29.06.2025 - 12:12:16 - [TAB v5.2.0] Blocked attempt to add player .AryaveerIsPro into team PVP-00901f35006a (expected team: 6.AryaveerIsProA)
29.06.2025 - 12:12:16 - [TAB v5.2.0] Blocked attempt to add player AryanIssPro into team PVP-427bc943f939 (expected team: 6AryanIssProA)
29.06.2025 - 12:13:17 - [TAB v5.2.0] Blocked attempt to add player Webster_OG into team PVP-14c6c606e067 (expected team: 6Webster_OGA)
29.06.2025 - 12:13:17 - [TAB v5.2.0] Blocked attempt to add player .AryaveerIsPro into team PVP-00901f35006a (expected team: 6.AryaveerIsProA)
29.06.2025 - 12:14:12 - [TAB v5.2.0] Blocked attempt to add player AryanIssPro into team PVP-427bc943f939 (expected team: 6AryanIssProA)
29.06.2025 - 12:14:12 - [TAB v5.2.0] Blocked attempt to add player Webster_OG into team PVP-14c6c606e067 (expected team: 6Webster_OGA)
29.06.2025 - 12:14:28 - [TAB v5.2.0] Blocked attempt to add player AryanIssPro into team PVP-427bc943f939 (expected team: 6AryanIssProA)
29.06.2025 - 12:14:28 - [TAB v5.2.0] Blocked attempt to add player Webster_OG into team PVP-14c6c606e067 (expected team: 6Webster_OGA)
29.06.2025 - 12:15:41 - [TAB v5.2.0] Blocked attempt to add player AryanIssPro into team PVP-427bc943f939 (expected team: 6AryanIssProA)
29.06.2025 - 12:15:41 - [TAB v5.2.0] Blocked attempt to add player .AryaveerIsPro into team PVP-00901f35006a (expected team: 6.AryaveerIsProA)
29.06.2025 - 12:17:18 - [TAB v5.2.0] Blocked attempt to add player AryanIssPro into team PVP-427bc943f939 (expected team: 6AryanIssProA)
29.06.2025 - 12:17:18 - [TAB v5.2.0] Blocked attempt to add player .AryaveerIsPro into team PVP-00901f35006a (expected team: 6.AryaveerIsProA)
29.06.2025 - 12:17:36 - [TAB v5.2.0] Blocked attempt to add player Webster_OG into team PVP-14c6c606e067 (expected team: 6Webster_OGA)
29.06.2025 - 12:17:36 - [TAB v5.2.0] Blocked attempt to add player AryanIssPro into team PVP-427bc943f939 (expected team: 6AryanIssProA)
29.06.2025 - 12:17:36 - [TAB v5.2.0] Blocked attempt to add player .AryaveerIsPro into team PVP-00901f35006a (expected team: 6.AryaveerIsProA)
29.06.2025 - 12:18:53 - [TAB v5.2.0] Blocked attempt to add player AryanIssPro into team PVP-427bc943f939 (expected team: 6AryanIssProA)
29.06.2025 - 12:18:53 - [TAB v5.2.0] Blocked attempt to add player .AryaveerIsPro into team PVP-00901f35006a (expected team: 6.AryaveerIsProA)
29.06.2025 - 12:20:39 - [TAB v5.2.0] Blocked attempt to add player AryanIssPro into team PVP-427bc943f939 (expected team: 6AryanIssProA)
29.06.2025 - 12:20:39 - [TAB v5.2.0] Blocked attempt to add player .AryaveerIsPro into team PVP-00901f35006a (expected team: 6.AryaveerIsProA)
29.06.2025 - 12:24:13 - [TAB v5.2.0] Blocked attempt to add player AryanIssPro into team PVP-427bc943f939 (expected team: 6AryanIssProA)
29.06.2025 - 12:29:43 - [TAB v5.2.0] Blocked attempt to add player .AryaveerIsPro into team PVP-00901f35006a (expected team: 6.AryaveerIsProA)
29.06.2025 - 12:29:43 - [TAB v5.2.0] Blocked attempt to add player AryanIssPro into team PVP-427bc943f939 (expected team: 6AryanIssProA)
29.06.2025 - 12:30:24 - [TAB v5.2.0] Blocked attempt to add player .AryaveerIsPro into team PVP-00901f35006a (expected team: 6.AryaveerIsProA)
29.06.2025 - 12:30:24 - [TAB v5.2.0] Blocked attempt to add player AryanIssPro into team PVP-427bc943f939 (expected team: 6AryanIssProA)
29.06.2025 - 12:30:38 - [TAB v5.2.0] Blocked attempt to add player Webster_OG into team PVP-14c6c606e067 (expected team: 6Webster_OGA)
29.06.2025 - 12:32:45 - [TAB v5.2.0] Blocked attempt to add player AryanIssPro into team PVP-427bc943f939 (expected team: 6AryanIssProA)
29.06.2025 - 12:33:32 - [TAB v5.2.0] Blocked attempt to add player Webster_OG into team PVP-14c6c606e067 (expected team: 6Webster_OGA)
29.06.2025 - 12:33:32 - [TAB v5.2.0] Blocked attempt to add player AryanIssPro into team PVP-427bc943f939 (expected team: 6AryanIssProA)
29.06.2025 - 12:34:46 - [TAB v5.2.0] Blocked attempt to add player Webster_OG into team PVP-14c6c606e067 (expected team: 6Webster_OGA)
29.06.2025 - 12:34:46 - [TAB v5.2.0] Blocked attempt to add player AryanIssPro into team PVP-427bc943f939 (expected team: 6AryanIssProA)
29.06.2025 - 12:35:17 - [TAB v5.2.0] Blocked attempt to add player Webster_OG into team PVP-14c6c606e067 (expected team: 6Webster_OGA)
29.06.2025 - 12:35:17 - [TAB v5.2.0] Blocked attempt to add player AryanIssPro into team PVP-427bc943f939 (expected team: 6AryanIssProA)
29.06.2025 - 12:36:25 - [TAB v5.2.0] Blocked attempt to add player Webster_OG into team PVP-14c6c606e067 (expected team: 6Webster_OGA)
29.06.2025 - 12:36:25 - [TAB v5.2.0] Blocked attempt to add player AryanIssPro into team PVP-427bc943f939 (expected team: 6AryanIssProA)
29.06.2025 - 12:38:30 - [TAB v5.2.0] Blocked attempt to add player .AryaveerIsPro into team PVP-00901f35006a (expected team: 6.AryaveerIsProA)
29.06.2025 - 12:38:30 - [TAB v5.2.0] Blocked attempt to add player AryanIssPro into team PVP-427bc943f939 (expected team: 6AryanIssProA)
29.06.2025 - 12:40:48 - [TAB v5.2.0] Blocked attempt to add player .AryaveerIsPro into team PVP-00901f35006a (expected team: 6.AryaveerIsProA)
29.06.2025 - 12:40:48 - [TAB v5.2.0] Blocked attempt to add player AryanIssPro into team PVP-427bc943f939 (expected team: 6AryanIssProA)
29.06.2025 - 12:44:50 - [TAB v5.2.0] Blocked attempt to add player Webster_OG into team PVP-14c6c606e067 (expected team: 6Webster_OGA)
29.06.2025 - 12:45:04 - [TAB v5.2.0] Blocked attempt to add player .AryaveerIsPro into team PVP-00901f35006a (expected team: 6.AryaveerIsProA)
29.06.2025 - 12:45:04 - [TAB v5.2.0] Blocked attempt to add player Webster_OG into team PVP-14c6c606e067 (expected team: 6Webster_OGA)
29.06.2025 - 12:45:11 - [TAB v5.2.0] Blocked attempt to add player AryanIssPro into team PVP-427bc943f939 (expected team: 6AryanIssProA)
29.06.2025 - 12:45:26 - [TAB v5.2.0] Blocked attempt to add player .AryaveerIsPro into team PVP-00901f35006a (expected team: 6.AryaveerIsProA)
29.06.2025 - 12:45:26 - [TAB v5.2.0] Blocked attempt to add player AryanIssPro into team PVP-427bc943f939 (expected team: 6AryanIssProA)
29.06.2025 - 12:45:26 - [TAB v5.2.0] Blocked attempt to add player .AryaveerIsPro into team PVP-00901f35006a (expected team: 6.AryaveerIsProA)
29.06.2025 - 12:45:59 - [TAB v5.2.0] Blocked attempt to add player AryanIssPro into team PVP-427bc943f939 (expected team: 6AryanIssProA)
29.06.2025 - 12:45:59 - [TAB v5.2.0] Blocked attempt to add player Webster_OG into team PVP-14c6c606e067 (expected team: 6Webster_OGA)
29.06.2025 - 12:46:33 - [TAB v5.2.0] Blocked attempt to add player AryanIssPro into team PVP-427bc943f939 (expected team: 6AryanIssProA)
29.06.2025 - 12:49:37 - [TAB v5.2.0] Blocked attempt to add player Webster_OG into team PVP-14c6c606e067 (expected team: 6Webster_OGA)
29.06.2025 - 12:49:37 - [TAB v5.2.0] Blocked attempt to add player AryanIssPro into team PVP-427bc943f939 (expected team: 6AryanIssProA)
29.06.2025 - 12:50:03 - [TAB v5.2.0] Blocked attempt to add player Webster_OG into team PVP-14c6c606e067 (expected team: 6Webster_OGA)
29.06.2025 - 12:50:03 - [TAB v5.2.0] Blocked attempt to add player AryanIssPro into team PVP-427bc943f939 (expected team: 6AryanIssProA)
29.06.2025 - 12:50:05 - [TAB v5.2.0] Blocked attempt to add player .AryaveerIsPro into team PVP-00901f35006a (expected team: 6.AryaveerIsProA)
29.06.2025 - 12:50:57 - [TAB v5.2.0] Blocked attempt to add player AryanIssPro into team PVP-427bc943f939 (expected team: 6AryanIssProA)
29.06.2025 - 12:51:12 - [TAB v5.2.0] Blocked attempt to add player .AryaveerIsPro into team PVP-00901f35006a (expected team: 6.AryaveerIsProA)
29.06.2025 - 12:51:25 - [TAB v5.2.0] Blocked attempt to add player AryanIssPro into team PVP-427bc943f939 (expected team: 6AryanIssProA)
29.06.2025 - 12:51:40 - [TAB v5.2.0] Blocked attempt to add player .AryaveerIsPro into team PVP-00901f35006a (expected team: 6.AryaveerIsProA)
29.06.2025 - 12:52:14 - [TAB v5.2.0] Blocked attempt to add player Webster_OG into team PVP-14c6c606e067 (expected team: 6Webster_OGA)
29.06.2025 - 12:54:41 - [TAB v5.2.0] Blocked attempt to add player .AryaveerIsPro into team PVP-00901f35006a (expected team: 6.AryaveerIsProA)
29.06.2025 - 12:55:16 - [TAB v5.2.0] Blocked attempt to add player Webster_OG into team PVP-14c6c606e067 (expected team: 6Webster_OGA)
29.06.2025 - 12:57:08 - [TAB v5.2.0] Blocked attempt to add player AryanIssPro into team PVP-427bc943f939 (expected team: 6AryanIssProA)
29.06.2025 - 12:57:19 - [TAB v5.2.0] Blocked attempt to add player Webster_OG into team PVP-14c6c606e067 (expected team: 6Webster_OGA)
29.06.2025 - 12:57:19 - [TAB v5.2.0] Blocked attempt to add player .AryaveerIsPro into team PVP-00901f35006a (expected team: 6.AryaveerIsProA)
29.06.2025 - 12:57:25 - [TAB v5.2.0] Blocked attempt to add player AryanIssPro into team PVP-427bc943f939 (expected team: 6AryanIssProA)
29.06.2025 - 12:57:34 - [TAB v5.2.0] Blocked attempt to add player .AryaveerIsPro into team PVP-00901f35006a (expected team: 6.AryaveerIsProA)
29.06.2025 - 12:57:34 - [TAB v5.2.0] Blocked attempt to add player .AryaveerIsPro into team PVP-00901f35006a (expected team: 6.AryaveerIsProA)
29.06.2025 - 12:58:40 - [TAB v5.2.0] Blocked attempt to add player Webster_OG into team PVP-14c6c606e067 (expected team: 6Webster_OGA)
29.06.2025 - 12:59:17 - [TAB v5.2.0] Blocked attempt to add player .AryaveerIsPro into team PVP-00901f35006a (expected team: 6.AryaveerIsProA)
29.06.2025 - 12:59:17 - [TAB v5.2.0] Blocked attempt to add player AryanIssPro into team PVP-427bc943f939 (expected team: 6AryanIssProA)
29.06.2025 - 12:59:34 - [TAB v5.2.0] Blocked attempt to add player Webster_OG into team PVP-14c6c606e067 (expected team: 6Webster_OGA)
29.06.2025 - 12:59:34 - [TAB v5.2.0] Blocked attempt to add player Webster_OG into team PVP-14c6c606e067 (expected team: 6Webster_OGA)
29.06.2025 - 13:00:07 - [TAB v5.2.0] Blocked attempt to add player .AryaveerIsPro into team PVP-00901f35006a (expected team: 6.AryaveerIsProA)
29.06.2025 - 13:00:07 - [TAB v5.2.0] Blocked attempt to add player AryanIssPro into team PVP-427bc943f939 (expected team: 6AryanIssProA)
29.06.2025 - 13:00:43 - [TAB v5.2.0] Blocked attempt to add player .AryaveerIsPro into team PVP-00901f35006a (expected team: 6.AryaveerIsProA)
29.06.2025 - 13:00:43 - [TAB v5.2.0] Blocked attempt to add player AryanIssPro into team PVP-427bc943f939 (expected team: 6AryanIssProA)
29.06.2025 - 13:00:55 - [TAB v5.2.0] Blocked attempt to add player .AryaveerIsPro into team PVP-00901f35006a (expected team: 6.AryaveerIsProA)
29.06.2025 - 13:00:55 - [TAB v5.2.0] Blocked attempt to add player AryanIssPro into team PVP-427bc943f939 (expected team: 6AryanIssProA)
29.06.2025 - 13:01:31 - [TAB v5.2.0] Blocked attempt to add player Webster_OG into team PVP-14c6c606e067 (expected team: 6Webster_OGA)
29.06.2025 - 13:02:09 - [TAB v5.2.0] Blocked attempt to add player .AryaveerIsPro into team PVP-00901f35006a (expected team: 6.AryaveerIsProA)
29.06.2025 - 13:02:09 - [TAB v5.2.0] Blocked attempt to add player Webster_OG into team PVP-14c6c606e067 (expected team: 6Webster_OGA)
29.06.2025 - 13:02:27 - [TAB v5.2.0] Blocked attempt to add player AryanIssPro into team PVP-427bc943f939 (expected team: 6AryanIssProA)
29.06.2025 - 13:02:35 - [TAB v5.2.0] Blocked attempt to add player Webster_OG into team PVP-14c6c606e067 (expected team: 6Webster_OGA)
29.06.2025 - 13:02:48 - [TAB v5.2.0] Blocked attempt to add player .AryaveerIsPro into team PVP-00901f35006a (expected team: 6.AryaveerIsProA)
29.06.2025 - 13:02:48 - [TAB v5.2.0] Blocked attempt to add player AryanIssPro into team PVP-427bc943f939 (expected team: 6AryanIssProA)
29.06.2025 - 13:03:24 - [TAB v5.2.0] Blocked attempt to add player .AryaveerIsPro into team PVP-00901f35006a (expected team: 6.AryaveerIsProA)
29.06.2025 - 13:03:24 - [TAB v5.2.0] Blocked attempt to add player AryanIssPro into team PVP-427bc943f939 (expected team: 6AryanIssProA)
29.06.2025 - 13:03:48 - [TAB v5.2.0] Blocked attempt to add player .AryaveerIsPro into team PVP-00901f35006a (expected team: 6.AryaveerIsProA)
29.06.2025 - 13:03:48 - [TAB v5.2.0] Blocked attempt to add player AryanIssPro into team PVP-427bc943f939 (expected team: 6AryanIssProA)
29.06.2025 - 13:04:28 - [TAB v5.2.0] Blocked attempt to add player .AryaveerIsPro into team PVP-00901f35006a (expected team: 6.AryaveerIsProA)
29.06.2025 - 13:04:28 - [TAB v5.2.0] Blocked attempt to add player Webster_OG into team PVP-14c6c606e067 (expected team: 6Webster_OGA)
29.06.2025 - 13:04:41 - [TAB v5.2.0] Blocked attempt to add player .AryaveerIsPro into team PVP-00901f35006a (expected team: 6.AryaveerIsProA)
29.06.2025 - 13:04:41 - [TAB v5.2.0] Blocked attempt to add player AryanIssPro into team PVP-427bc943f939 (expected team: 6AryanIssProA)
29.06.2025 - 13:05:39 - [TAB v5.2.0] Blocked attempt to add player .AryaveerIsPro into team PVP-00901f35006a (expected team: 6.AryaveerIsProA)
29.06.2025 - 13:06:29 - [TAB v5.2.0] Blocked attempt to add player AryanIssPro into team PVP-427bc943f939 (expected team: 6AryanIssProA)
29.06.2025 - 13:06:33 - [TAB v5.2.0] Blocked attempt to add player Webster_OG into team PVP-14c6c606e067 (expected team: 6Webster_OGA)
29.06.2025 - 13:07:08 - [TAB v5.2.0] Blocked attempt to add player .AryaveerIsPro into team PVP-00901f35006a (expected team: 6.AryaveerIsProA)
29.06.2025 - 13:07:08 - [TAB v5.2.0] Blocked attempt to add player AryanIssPro into team PVP-427bc943f939 (expected team: 6AryanIssProA)
29.06.2025 - 13:07:26 - [TAB v5.2.0] Blocked attempt to add player Webster_OG into team PVP-14c6c606e067 (expected team: 6Webster_OGA)
29.06.2025 - 13:09:12 - [TAB v5.2.0] Blocked attempt to add player .AryaveerIsPro into team PVP-00901f35006a (expected team: 6.AryaveerIsProA)
29.06.2025 - 13:09:12 - [TAB v5.2.0] Blocked attempt to add player AryanIssPro into team PVP-427bc943f939 (expected team: 6AryanIssProA)
29.06.2025 - 13:09:42 - [TAB v5.2.0] Blocked attempt to add player .AryaveerIsPro into team PVP-00901f35006a (expected team: 6.AryaveerIsProA)
29.06.2025 - 13:09:42 - [TAB v5.2.0] Blocked attempt to add player AryanIssPro into team PVP-427bc943f939 (expected team: 6AryanIssProA)
29.06.2025 - 13:10:17 - [TAB v5.2.0] Blocked attempt to add player .AryaveerIsPro into team PVP-00901f35006a (expected team: 6.AryaveerIsProA)
29.06.2025 - 13:10:17 - [TAB v5.2.0] Blocked attempt to add player AryanIssPro into team PVP-427bc943f939 (expected team: 6AryanIssProA)
29.06.2025 - 13:10:50 - [TAB v5.2.0] Blocked attempt to add player Webster_OG into team PVP-14c6c606e067 (expected team: 6Webster_OGA)
29.06.2025 - 13:10:50 - [TAB v5.2.0] Blocked attempt to add player AryanIssPro into team PVP-427bc943f939 (expected team: 6AryanIssProA)
29.06.2025 - 13:11:23 - [TAB v5.2.0] Blocked attempt to add player .AryaveerIsPro into team PVP-00901f35006a (expected team: 6.AryaveerIsProA)
29.06.2025 - 13:12:35 - [TAB v5.2.0] Blocked attempt to add player AryanIssPro into team PVP-427bc943f939 (expected team: 6AryanIssProA)
29.06.2025 - 13:12:47 - [TAB v5.2.0] Blocked attempt to add player .AryaveerIsPro into team PVP-00901f35006a (expected team: 6.AryaveerIsProA)
29.06.2025 - 13:12:47 - [TAB v5.2.0] Blocked attempt to add player AryanIssPro into team PVP-427bc943f939 (expected team: 6AryanIssProA)
29.06.2025 - 13:12:58 - [TAB v5.2.0] Blocked attempt to add player .AryaveerIsPro into team PVP-00901f35006a (expected team: 6.AryaveerIsProA)
29.06.2025 - 13:12:58 - [TAB v5.2.0] Blocked attempt to add player Webster_OG into team PVP-14c6c606e067 (expected team: 6Webster_OGA)
29.06.2025 - 13:15:26 - [TAB v5.2.0] Blocked attempt to add player .AryaveerIsPro into team PVP-00901f35006a (expected team: 6.AryaveerIsProA)
29.06.2025 - 13:15:26 - [TAB v5.2.0] Blocked attempt to add player Webster_OG into team PVP-14c6c606e067 (expected team: 6Webster_OGA)
29.06.2025 - 13:22:52 - [TAB v5.2.0] Blocked attempt to add player .AryaveerIsPro into team PVP-00901f35006a (expected team: 6.AryaveerIsProA)
29.06.2025 - 13:23:05 - [TAB v5.2.0] Blocked attempt to add player Webster_OG into team PVP-14c6c606e067 (expected team: 6Webster_OGA)
29.06.2025 - 13:23:21 - [TAB v5.2.0] Blocked attempt to add player .AryaveerIsPro into team PVP-00901f35006a (expected team: 6.AryaveerIsProA)
29.06.2025 - 13:23:21 - [TAB v5.2.0] Blocked attempt to add player Webster_OG into team PVP-14c6c606e067 (expected team: 6Webster_OGA)
29.06.2025 - 13:23:33 - [TAB v5.2.0] Blocked attempt to add player .AryaveerIsPro into team PVP-00901f35006a (expected team: 6.AryaveerIsProA)
29.06.2025 - 13:23:33 - [TAB v5.2.0] Blocked attempt to add player Webster_OG into team PVP-14c6c606e067 (expected team: 6Webster_OGA)
29.06.2025 - 13:23:56 - [TAB v5.2.0] Blocked attempt to add player .AryaveerIsPro into team PVP-00901f35006a (expected team: 6.AryaveerIsProA)
29.06.2025 - 13:23:56 - [TAB v5.2.0] Blocked attempt to add player Webster_OG into team PVP-14c6c606e067 (expected team: 6Webster_OGA)
29.06.2025 - 13:24:22 - [TAB v5.2.0] Blocked attempt to add player .AryaveerIsPro into team PVP-00901f35006a (expected team: 6.AryaveerIsProA)
29.06.2025 - 13:24:22 - [TAB v5.2.0] Blocked attempt to add player Webster_OG into team PVP-14c6c606e067 (expected team: 6Webster_OGA)
29.06.2025 - 13:24:38 - [TAB v5.2.0] Blocked attempt to add player .AryaveerIsPro into team PVP-00901f35006a (expected team: 6.AryaveerIsProA)
29.06.2025 - 13:24:38 - [TAB v5.2.0] Blocked attempt to add player Webster_OG into team PVP-14c6c606e067 (expected team: 6Webster_OGA)
29.06.2025 - 13:25:31 - [TAB v5.2.0] Blocked attempt to add player .AryaveerIsPro into team PVP-00901f35006a (expected team: 6.AryaveerIsProA)
29.06.2025 - 13:25:31 - [TAB v5.2.0] Blocked attempt to add player Webster_OG into team PVP-14c6c606e067 (expected team: 6Webster_OGA)
29.06.2025 - 13:25:43 - [TAB v5.2.0] Blocked attempt to add player .AryaveerIsPro into team PVP-00901f35006a (expected team: 6.AryaveerIsProA)
29.06.2025 - 13:25:43 - [TAB v5.2.0] Blocked attempt to add player Webster_OG into team PVP-14c6c606e067 (expected team: 6Webster_OGA)
29.06.2025 - 13:25:53 - [TAB v5.2.0] Blocked attempt to add player AryanIssPro into team PVP-427bc943f939 (expected team: 6AryanIssProA)
29.06.2025 - 13:25:53 - [TAB v5.2.0] Blocked attempt to add player .AryaveerIsPro into team PVP-00901f35006a (expected team: 6.AryaveerIsProA)
29.06.2025 - 13:25:55 - [TAB v5.2.0] Blocked attempt to add player Webster_OG into team PVP-14c6c606e067 (expected team: 6Webster_OGA)
29.06.2025 - 13:26:42 - [TAB v5.2.0] Blocked attempt to add player .AryaveerIsPro into team PVP-00901f35006a (expected team: 6.AryaveerIsProA)
29.06.2025 - 13:26:42 - [TAB v5.2.0] Blocked attempt to add player Webster_OG into team PVP-14c6c606e067 (expected team: 6Webster_OGA)
29.06.2025 - 13:26:42 - [TAB v5.2.0] Blocked attempt to add player Webster_OG into team PVP-14c6c606e067 (expected team: 6Webster_OGA)
29.06.2025 - 13:27:01 - [TAB v5.2.0] Blocked attempt to add player .AryaveerIsPro into team PVP-00901f35006a (expected team: 6.AryaveerIsProA)
29.06.2025 - 13:27:01 - [TAB v5.2.0] Blocked attempt to add player AryanIssPro into team PVP-427bc943f939 (expected team: 6AryanIssProA)
29.06.2025 - 13:27:01 - [TAB v5.2.0] Blocked attempt to add player AryanIssPro into team PVP-427bc943f939 (expected team: 6AryanIssProA)
29.06.2025 - 13:27:05 - [TAB v5.2.0] Blocked attempt to add player Webster_OG into team PVP-14c6c606e067 (expected team: 6Webster_OGA)
29.06.2025 - 13:27:23 - [TAB v5.2.0] Blocked attempt to add player AryanIssPro into team PVP-427bc943f939 (expected team: 6AryanIssProA)
29.06.2025 - 13:27:27 - [TAB v5.2.0] Blocked attempt to add player .AryaveerIsPro into team PVP-00901f35006a (expected team: 6.AryaveerIsProA)
29.06.2025 - 13:27:42 - [TAB v5.2.0] Blocked attempt to add player Webster_OG into team PVP-14c6c606e067 (expected team: 6Webster_OGA)
29.06.2025 - 13:27:42 - [TAB v5.2.0] Blocked attempt to add player AryanIssPro into team PVP-427bc943f939 (expected team: 6AryanIssProA)
29.06.2025 - 13:27:48 - [TAB v5.2.0] Blocked attempt to add player .AryaveerIsPro into team PVP-00901f35006a (expected team: 6.AryaveerIsProA)
29.06.2025 - 13:28:22 - [TAB v5.2.0] Blocked attempt to add player Webster_OG into team PVP-14c6c606e067 (expected team: 6Webster_OGA)
29.06.2025 - 13:28:30 - [TAB v5.2.0] Blocked attempt to add player AryanIssPro into team PVP-427bc943f939 (expected team: 6AryanIssProA)
29.06.2025 - 13:28:41 - [TAB v5.2.0] Blocked attempt to add player Webster_OG into team PVP-14c6c606e067 (expected team: 6Webster_OGA)
29.06.2025 - 13:28:56 - [TAB v5.2.0] Blocked attempt to add player .AryaveerIsPro into team PVP-00901f35006a (expected team: 6.AryaveerIsProA)
29.06.2025 - 13:29:09 - [TAB v5.2.0] Blocked attempt to add player Webster_OG into team PVP-14c6c606e067 (expected team: 6Webster_OGA)
29.06.2025 - 13:29:27 - [TAB v5.2.0] Blocked attempt to add player .AryaveerIsPro into team PVP-00901f35006a (expected team: 6.AryaveerIsProA)
29.06.2025 - 13:29:27 - [TAB v5.2.0] Blocked attempt to add player AryanIssPro into team PVP-427bc943f939 (expected team: 6AryanIssProA)
29.06.2025 - 13:29:55 - [TAB v5.2.0] Blocked attempt to add player .AryaveerIsPro into team PVP-00901f35006a (expected team: 6.AryaveerIsProA)
29.06.2025 - 13:29:55 - [TAB v5.2.0] Blocked attempt to add player AryanIssPro into team PVP-427bc943f939 (expected team: 6AryanIssProA)
29.06.2025 - 13:30:41 - [TAB v5.2.0] Blocked attempt to add player .AryaveerIsPro into team PVP-00901f35006a (expected team: 6.AryaveerIsProA)
29.06.2025 - 13:31:12 - [TAB v5.2.0] Blocked attempt to add player AryanIssPro into team PVP-427bc943f939 (expected team: 6AryanIssProA)
29.06.2025 - 13:31:12 - [TAB v5.2.0] Blocked attempt to add player .AryaveerIsPro into team PVP-00901f35006a (expected team: 6.AryaveerIsProA)
29.06.2025 - 13:31:28 - [TAB v5.2.0] Blocked attempt to add player AryanIssPro into team PVP-427bc943f939 (expected team: 6AryanIssProA)
29.06.2025 - 13:31:28 - [TAB v5.2.0] Blocked attempt to add player .AryaveerIsPro into team PVP-00901f35006a (expected team: 6.AryaveerIsProA)
29.06.2025 - 13:31:54 - [TAB v5.2.0] Blocked attempt to add player AryanIssPro into team PVP-427bc943f939 (expected team: 6AryanIssProA)
29.06.2025 - 13:31:54 - [TAB v5.2.0] Blocked attempt to add player .AryaveerIsPro into team PVP-00901f35006a (expected team: 6.AryaveerIsProA)
29.06.2025 - 13:32:15 - [TAB v5.2.0] Blocked attempt to add player AryanIssPro into team PVP-427bc943f939 (expected team: 6AryanIssProA)
29.06.2025 - 13:32:15 - [TAB v5.2.0] Blocked attempt to add player .AryaveerIsPro into team PVP-00901f35006a (expected team: 6.AryaveerIsProA)
29.06.2025 - 13:33:25 - [TAB v5.2.0] Blocked attempt to add player AryanIssPro into team PVP-427bc943f939 (expected team: 6AryanIssProA)
29.06.2025 - 13:33:25 - [TAB v5.2.0] Blocked attempt to add player .AryaveerIsPro into team PVP-00901f35006a (expected team: 6.AryaveerIsProA)
29.06.2025 - 13:36:39 - [TAB v5.2.0] Blocked attempt to add player AryanIssPro into team PVP-427bc943f939 (expected team: 6AryanIssProA)
29.06.2025 - 13:37:47 - [TAB v5.2.0] Blocked attempt to add player .AryaveerIsPro into team PVP-00901f35006a (expected team: 6.AryaveerIsProA)
29.06.2025 - 13:37:47 - [TAB v5.2.0] Blocked attempt to add player AryanIssPro into team PVP-427bc943f939 (expected team: 6AryanIssProA)
29.06.2025 - 13:37:57 - [TAB v5.2.0] Blocked attempt to add player .AryaveerIsPro into team PVP-00901f35006a (expected team: 6.AryaveerIsProA)
29.06.2025 - 13:37:57 - [TAB v5.2.0] Blocked attempt to add player AryanIssPro into team PVP-427bc943f939 (expected team: 6AryanIssProA)
29.06.2025 - 13:38:26 - [TAB v5.2.0] Blocked attempt to add player .AryaveerIsPro into team PVP-00901f35006a (expected team: 6.AryaveerIsProA)
29.06.2025 - 13:39:39 - [TAB v5.2.0] Blocked attempt to add player AryanIssPro into team PVP-427bc943f939 (expected team: 6AryanIssProA)
29.06.2025 - 13:39:39 - [TAB v5.2.0] Blocked attempt to add player .AryaveerIsPro into team PVP-00901f35006a (expected team: 6.AryaveerIsProA)
29.06.2025 - 13:40:02 - [TAB v5.2.0] Blocked attempt to add player AryanIssPro into team PVP-427bc943f939 (expected team: 6AryanIssProA)
29.06.2025 - 13:40:02 - [TAB v5.2.0] Blocked attempt to add player .AryaveerIsPro into team PVP-00901f35006a (expect29.06.2025 - 14:20:10 - [TAB v5.2.0] Blocked attempt to add player .AryaveerIsPro into team PVP-00901f35006a (expected team: 6.AryaveerIsProA)
29.06.2025 - 14:21:03 - [TAB v5.2.0] Blocked attempt to add player AryanIssPro into team PVP-427bc943f939 (expected team: 6AryanIssProA)
29.06.2025 - 14:21:03 - [TAB v5.2.0] Blocked attempt to add player .AryaveerIsPro into team PVP-00901f35006a (expected team: 6.AryaveerIsProA)
29.06.2025 - 14:21:27 - [TAB v5.2.0] Blocked attempt to add player AryanIssPro into team PVP-427bc943f939 (expected team: 6AryanIssProA)
29.06.2025 - 14:22:34 - [TAB v5.2.0] Blocked attempt to add player .AryaveerIsPro into team PVP-00901f35006a (expected team: 6.AryaveerIsProA)
29.06.2025 - 14:23:14 - [TAB v5.2.0] Blocked attempt to add player AryanIssPro into team PVP-427bc943f939 (expected team: 6AryanIssProA)
29.06.2025 - 14:23:14 - [TAB v5.2.0] Blocked attempt to add player .AryaveerIsPro into team PVP-00901f35006a (expected team: 6.AryaveerIsProA)
29.06.2025 - 14:23:54 - [TAB v5.2.0] Blocked attempt to add player AryanIssPro into team PVP-427bc943f939 (expected team: 6AryanIssProA)
29.06.2025 - 14:24:39 - [TAB v5.2.0] Blocked attempt to add player .AryaveerIsPro into team PVP-00901f35006a (expected team: 6.AryaveerIsProA)
29.06.2025 - 14:24:39 - [TAB v5.2.0] Blocked attempt to add player AryanIssPro into team PVP-427bc943f939 (expected team: 6AryanIssProA)
29.06.2025 - 14:25:21 - [TAB v5.2.0] Blocked attempt to add player .AryaveerIsPro into team PVP-00901f35006a (expected team: 6.AryaveerIsProA)
29.06.2025 - 14:25:21 - [TAB v5.2.0] Blocked attempt to add player AryanIssPro into team PVP-427bc943f939 (expected team: 6AryanIssProA)
29.06.2025 - 14:26:53 - [TAB v5.2.0] Blocked attempt to add player .AryaveerIsPro into team PVP-00901f35006a (expected team: 6.AryaveerIsProA)
29.06.2025 - 14:52:51 - [TAB v5.2.0] Blocked attempt to add player AryanIssPro into team PVP-427bc943f939 (expected team: 6AryanIssProA)
29.06.2025 - 14:53:06 - [TAB v5.2.0] Blocked attempt to add player .AryaveerIsPro into team PVP-00901f35006a (expected team: 6.AryaveerIsProA)
29.06.2025 - 14:55:20 - [TAB v5.2.0] Blocked attempt to add player AryanIssPro into team PVP-427bc943f939 (expected team: 6AryanIssProA)
29.06.2025 - 14:55:58 - [TAB v5.2.0] Blocked attempt to add player .AryaveerIsPro into team PVP-00901f35006a (expected team: 6.AryaveerIsProA)
29.06.2025 - 14:56:27 - [TAB v5.2.0] Blocked attempt to add player AryanIssPro into team PVP-427bc943f939 (expected team: 6AryanIssProA)
29.06.2025 - 14:56:43 - [TAB v5.2.0] Blocked attempt to add player .AryaveerIsPro into team PVP-00901f35006a (expected team: 6.AryaveerIsProA)
29.06.2025 - 14:56:43 - [TAB v5.2.0] Blocked attempt to add player AryanIssPro into team PVP-427bc943f939 (expected team: 6AryanIssProA)
29.06.2025 - 14:57:04 - [TAB v5.2.0] Blocked attempt to add player .AryaveerIsPro into team PVP-00901f35006a (expected team: 6.AryaveerIsProA)
29.06.2025 - 14:57:44 - [TAB v5.2.0] Blocked attempt to add player AryanIssPro into team PVP-427bc943f939 (expected team: 6AryanIssProA)
29.06.2025 - 14:57:55 - [TAB v5.2.0] Blocked attempt to add player .AryaveerIsPro into team PVP-00901f35006a (expected team: 6.AryaveerIsProA)
29.06.2025 - 14:57:55 - [TAB v5.2.0] Blocked attempt to add player AryanIssPro into team PVP-427bc943f939 (expected team: 6AryanIssProA)
29.06.2025 - 14:57:55 - [TAB v5.2.0] Blocked attempt to add player AryanIssPro into team PVP-427bc943f939 (expected team: 6AryanIssProA)
29.06.2025 - 14:58:31 - [TAB v5.2.0] Blocked attempt to add player .AryaveerIsPro into team PVP-00901f35006a (expected team: 6.AryaveerIsProA)
29.06.2025 - 14:58:31 - [TAB v5.2.0] Blocked attempt to add player AryanIssPro into team PVP-427bc943f939 (expected team: 6AryanIssProA)
29.06.2025 - 14:59:38 - [TAB v5.2.0] Blocked attempt to add player .AryaveerIsPro into team PVP-00901f35006a (expected team: 6.AryaveerIsProA)
29.06.2025 - 14:59:38 - [TAB v5.2.0] Blocked attempt to add player AryanIssPro into team PVP-427bc943f939 (expected team: 6AryanIssProA)
29.06.2025 - 15:00:51 - [TAB v5.2.0] Blocked attempt to add player .AryaveerIsPro into team PVP-00901f35006a (expected team: 6.AryaveerIsProA)
29.06.2025 - 15:00:51 - [TAB v5.2.0] Blocked attempt to add player AryanIssPro into team PVP-427bc943f939 (expected team: 6AryanIssProA)
29.06.2025 - 15:01:20 - [TAB v5.2.0] Blocked attempt to add player .AryaveerIsPro into team PVP-00901f35006a (expected team: 6.AryaveerIsProA)
29.06.2025 - 15:02:21 - [TAB v5.2.0] Blocked attempt to add player AryanIssPro into team PVP-427bc943f939 (expected team: 6AryanIssProA)
29.06.2025 - 15:02:21 - [TAB v5.2.0] Blocked attempt to add player .AryaveerIsPro into team PVP-00901f35006a (expected team: 6.AryaveerIsProA)
29.06.2025 - 19:22:55 - [TAB v5.2.0] Blocked attempt to add player .AryaveerIsPro into team PVP-00901f35006a (expected team: 6.AryaveerIsProA)
29.06.2025 - 19:22:55 - [TAB v5.2.0] Blocked attempt to add player Webster_OG into team PVP-14c6c606e067 (expected team: 6Webster_OGA)
29.06.2025 - 19:23:20 - [TAB v5.2.0] Blocked attempt to add player .AryaveerIsPro into team PVP-00901f35006a (expected team: 6.AryaveerIsProA)
29.06.2025 - 19:23:20 - [TAB v5.2.0] Blocked attempt to add player Webster_OG into team PVP-14c6c606e067 (expected team: 6Webster_OGA)
29.06.2025 - 19:23:43 - [TAB v5.2.0] Blocked attempt to add player .AryaveerIsPro into team PVP-00901f35006a (expected team: 6.AryaveerIsProA)
29.06.2025 - 19:24:00 - [TAB v5.2.0] Blocked attempt to add player Webster_OG into team PVP-14c6c606e067 (expected team: 6Webster_OGA)
29.06.2025 - 19:24:00 - [TAB v5.2.0] Blocked attempt to add player .AryaveerIsPro into team PVP-00901f35006a (expected team: 6.AryaveerIsProA)
29.06.2025 - 19:24:30 - [TAB v5.2.0] Blocked attempt to add player Webster_OG into team PVP-14c6c606e067 (expected team: 6Webster_OGA)
29.06.2025 - 19:24:30 - [TAB v5.2.0] Blocked attempt to add player .AryaveerIsPro into team PVP-00901f35006a (expected team: 6.AryaveerIsProA)
29.06.2025 - 19:26:57 - [TAB v5.2.0] Blocked attempt to add player Webster_OG into team PVP-14c6c606e067 (expected team: 6Webster_OGA)
29.06.2025 - 19:26:57 - [TAB v5.2.0] Blocked attempt to add player .AryaveerIsPro into team PVP-00901f35006a (expected team: 6.AryaveerIsProA)
29.06.2025 - 19:27:22 - [TAB v5.2.0] Blocked attempt to add player Webster_OG into team PVP-14c6c606e067 (expected team: 6Webster_OGA)
29.06.2025 - 19:27:22 - [TAB v5.2.0] Blocked attempt to add player .AryaveerIsPro into team PVP-00901f35006a (expected team: 6.AryaveerIsProA)
29.06.2025 - 19:29:08 - [TAB v5.2.0] Blocked attempt to add player Webster_OG into team PVP-14c6c606e067 (expected team: 6Webster_OGA)
29.06.2025 - 19:29:08 - [TAB v5.2.0] Blocked attempt to add player .AryaveerIsPro into team PVP-00901f35006a (expected team: 6.AryaveerIsProA)
29.06.2025 - 19:29:22 - [TAB v5.2.0] Blocked attempt to add player Webster_OG into team PVP-14c6c606e067 (expected team: 6Webster_OGA)
29.06.2025 - 19:29:22 - [TAB v5.2.0] Blocked attempt to add player .AryaveerIsPro into team PVP-00901f35006a (expected team: 6.AryaveerIsProA)
29.06.2025 - 19:30:04 - [TAB v5.2.0] Blocked attempt to add player Webster_OG into team PVP-14c6c606e067 (expected team: 6Webster_OGA)
02.07.2025 - 21:24:45 - [TAB v5.2.0] Blocked attempt to add player Webster_OG into team PVP-14c6c606e067 (expected team: 6Webster_OGA)
02.07.2025 - 21:24:45 - [TAB v5.2.0] Blocked attempt to add player RoxenGamerYT into team PVP-420d2ca9f797 (expected team: 6RoxenGamerYTA)
02.07.2025 - 21:25:36 - [TAB v5.2.0] Blocked attempt to add player Webster_OG into team PVP-14c6c606e067 (expected team: 6Webster_OGA)
02.07.2025 - 21:25:57 - [TAB v5.2.0] Blocked attempt to add player RoxenGamerYT into team PVP-420d2ca9f797 (expected team: 6RoxenGamerYTA)
02.07.2025 - 21:26:30 - [TAB v5.2.0] Blocked attempt to add player Webster_OG into team PVP-14c6c606e067 (expected team: 6Webster_OGA)
02.07.2025 - 21:28:40 - [TAB v5.2.0] Blocked attempt to add player RoxenGamerYT into team PVP-420d2ca9f797 (expected team: 6RoxenGamerYTA)
02.07.2025 - 21:28:40 - [TAB v5.2.0] Blocked attempt to add player Webster_OG into team PVP-14c6c606e067 (expected team: 6Webster_OGA)
03.07.2025 - 00:51:31 - [TAB v5.2.0] Blocked attempt to add player Webster_OG into team PVP-14c6c606e067 (expected team: 6Webster_OGA)
03.07.2025 - 00:51:31 - [TAB v5.2.0] Blocked attempt to add player AryanIssPro into team PVP-427bc943f939 (expected team: 6AryanIssProA)
03.07.2025 - 16:17:22 - [TAB v5.2.0] Blocked attempt to add player Webster_OG into team PVP-14c6c606e067 (expected team: 6Webster_OGA)
03.07.2025 - 16:17:22 - [TAB v5.2.0] Blocked attempt to add player CHACHA_JI into team PVP-88fbf140692f (expected team: 6CHACHA_JIA)
03.07.2025 - 16:18:02 - [TAB v5.2.0] Blocked attempt to add player Webster_OG into team PVP-14c6c606e067 (expected team: 6Webster_OGA)
03.07.2025 - 16:18:25 - [TAB v5.2.0] Blocked attempt to add player CHACHA_JI into team PVP-88fbf140692f (expected team: 6CHACHA_JIA)
03.07.2025 - 16:26:22 - [TAB v5.2.0] Blocked attempt to add player Webster_OG into team PVP-14c6c606e067 (expected team: 6Webster_OGA)
03.07.2025 - 16:26:22 - [TAB v5.2.0] Blocked attempt to add player RoxenGamerYT into team PVP-420d2ca9f797 (expected team: 6RoxenGamerYTA)
03.07.2025 - 16:27:50 - [TAB v5.2.0] Blocked attempt to add player GOJO_SATURO into team PVP-209d40a6ac38 (expected team: 6GOJO_SATUROA)
03.07.2025 - 16:27:50 - [TAB v5.2.0] Blocked attempt to add player Webster_OG into team PVP-14c6c606e067 (expected team: 6Webster_OGA)
03.07.2025 - 17:39:03 - [TAB v5.2.0] Blocked attempt to add player AryanIssPro into team PVP-427bc943f939 (expected team: 6AryanIssProA)
03.07.2025 - 17:39:03 - [TAB v5.2.0] Blocked attempt to add player Webster_OG into team PVP-14c6c606e067 (expected team: 6Webster_OGA)
03.07.2025 - 17:43:05 - [TAB v5.2.0] Blocked attempt to add player AryanIssPro into team PVP-427bc943f939 (expected team: 6AryanIssProA)
03.07.2025 - 17:43:58 - [TAB v5.2.0] Blocked attempt to add player Webster_OG into team PVP-14c6c606e067 (expected team: 6Webster_OGA)
03.07.2025 - 17:44:05 - [TAB v5.2.0] Blocked attempt to add player AryanIssPro into team PVP-427bc943f939 (expected team: 6AryanIssProA)
03.07.2025 - 17:46:58 - [TAB v5.2.0] Blocked attempt to add player Webster_OG into team PVP-14c6c606e067 (expected team: 6Webster_OGA)
03.07.2025 - 17:53:54 - [TAB v5.2.0] Blocked attempt to add player AryanIssPro into team PVP-427bc943f939 (expected team: 6AryanIssProA)
03.07.2025 - 17:53:54 - [TAB v5.2.0] Blocked attempt to add player Webster_OG into team PVP-14c6c606e067 (expected team: 6Webster_OGA)
03.07.2025 - 17:54:53 - [TAB v5.2.0] Blocked attempt to add player AryanIssPro into team PVP-427bc943f939 (expected team: 6AryanIssProA)
03.07.2025 - 17:54:53 - [TAB v5.2.0] Blocked attempt to add player Webster_OG into team PVP-14c6c606e067 (expected team: 6Webster_OGA)
06.07.2025 - 11:40:21 - [TAB v5.2.4] Blocked attempt to add player BODYTWO into team PVP-7d4f2d80cd7e (expected team: 6BODYTWOA)
06.07.2025 - 11:40:21 - [TAB v5.2.4] Blocked attempt to add player Webster_OG into team PVP-14c6c606e067 (expected team: 6Webster_OGA)
06.07.2025 - 11:41:29 - [TAB v5.2.4] Blocked attempt to add player BODYTWO into team PVP-7d4f2d80cd7e (expected team: 6BODYTWOA)
06.07.2025 - 11:44:20 - [TAB v5.2.4] Blocked attempt to add player Webster_OG into team PVP-14c6c606e067 (expected team: 6Webster_OGA)
06.07.2025 - 11:44:20 - [TAB v5.2.4] Blocked attempt to add player BODYTWO into team PVP-7d4f2d80cd7e (expected team: 6BODYTWOA)
06.07.2025 - 11:45:25 - [TAB v5.2.4] Blocked attempt to add player Webster_OG into team PVP-14c6c606e067 (expected team: 6Webster_OGA)
06.07.2025 - 11:47:52 - [TAB v5.2.4] Blocked attempt to add player BODYTWO into team PVP-7d4f2d80cd7e (expected team: 6BODYTWOA)
06.07.2025 - 11:52:26 - [TAB v5.2.4] Blocked attempt to add player Webster_OG into team PVP-14c6c606e067 (expected team: 6Webster_OGA)
06.07.2025 - 11:52:49 - [TAB v5.2.4] Blocked attempt to add player BODYTWO into team PVP-7d4f2d80cd7e (expected team: 6BODYTWOA)
06.07.2025 - 11:52:49 - [TAB v5.2.4] Blocked attempt to add player Webster_OG into team PVP-14c6c606e067 (expected team: 6Webster_OGA)
06.07.2025 - 14:02:24 - [TAB v5.2.4] Blocked attempt to add player vaibhav into team PVP-abd980f9edc9 (expected team: 6vaibhavA)
06.07.2025 - 14:02:24 - [TAB v5.2.4] Blocked attempt to add player Webster_OG into team PVP-14c6c606e067 (expected team: 6Webster_OGA)
06.07.2025 - 14:04:15 - [TAB v5.2.4] Blocked attempt to add player vaibhav into team PVP-abd980f9edc9 (expected team: 6vaibhavA)
06.07.2025 - 14:04:15 - [TAB v5.2.4] Blocked attempt to add player Webster_OG into team PVP-14c6c606e067 (expected team: 6Webster_OGA)
06.07.2025 - 14:07:04 - [TAB v5.2.4] Blocked attempt to add player vaibhav into team PVP-abd980f9edc9 (expected team: 6vaibhavA)
06.07.2025 - 14:07:04 - [TAB v5.2.4] Blocked attempt to add player Webster_OG into team PVP-14c6c606e067 (expected team: 6Webster_OGA)
