[07-04 22:56:30]: [INFO] Created column 'regdate' and set the current timestamp, 1751649990359, to all 0 rows
[07-04 22:56:30]: [INFO] SQLite Setup finished
[07-04 22:56:31]: [INFO] Hooked into LuckPerms!
[07-04 22:56:31]: [INFO] Hooked successfully into Essentials
[07-04 22:56:31]: [INFO] Essentials spawn file not found: '/home/friendlysmpp/FriendlySMP/plugins/Essentials/spawn.yml'
[07-04 22:56:33]: [INFO] 
    ___         __  __    __  ___   
   /   | __  __/ /_/ /_  /  |/  /__ 
  / /| |/ / / / __/ __ \/ /|_/ / _ \
 / ___ / /_/ / /_/ / / / /  / /  __/
/_/  |_\__,_/\__/_/ /_/_/  /_/\___/ 
                                    
[07-04 22:56:33]: [INFO] AuthMeReReloaded is running on Paper
[07-04 22:56:33]: [INFO] AuthMeReReloaded is enabled successfully!
[07-04 22:56:33]: [INFO] GitHub: https://github.com/HaHaWTH/AuthMeReReloaded/
[07-04 22:56:33]: [INFO] Checking for updates...
[07-04 22:56:58]: [INFO] You are running the latest version.
[07-04 22:58:16]: [INFO] AuthMe 5.7.0-FORK-b53 is unloaded successfully!
[07-04 22:59:30]: [INFO] SQLite Setup finished
[07-04 22:59:31]: [INFO] Hooked into LuckPerms!
[07-04 22:59:32]: [INFO] Hooked successfully into Essentials
[07-04 22:59:32]: [INFO] Essentials spawn file not found: '/home/friendlysmpp/FriendlySMP/plugins/Essentials/spawn.yml'
[07-04 22:59:32]: [INFO] 
    ___         __  __    __  ___   
   /   | __  __/ /_/ /_  /  |/  /__ 
  / /| |/ / / / __/ __ \/ /|_/ / _ \
 / ___ / /_/ / /_/ / / / /  / /  __/
/_/  |_\__,_/\__/_/ /_/_/  /_/\___/ 
                                    
[07-04 22:59:32]: [INFO] AuthMeReReloaded is running on Paper
[07-04 22:59:32]: [INFO] AuthMeReReloaded is enabled successfully!
[07-04 22:59:32]: [INFO] GitHub: https://github.com/HaHaWTH/AuthMeReReloaded/
[07-04 22:59:32]: [INFO] Checking for updates...
[07-04 22:59:57]: [INFO] You are running the latest version.
[07-04 23:00:20]: [INFO] AuthMe 5.7.0-FORK-b53 is unloaded successfully!
[07-05 11:35:08]: [INFO] SQLite Setup finished
[07-05 11:35:08]: [INFO] Hooked into LuckPerms!
[07-05 11:35:08]: [INFO] Hooked successfully into Essentials
[07-05 11:35:09]: [INFO] Essentials spawn file not found: '/home/friendlysmpp/FriendlySMP/plugins/Essentials/spawn.yml'
[07-05 11:35:09]: [INFO] 
    ___         __  __    __  ___   
   /   | __  __/ /_/ /_  /  |/  /__ 
  / /| |/ / / / __/ __ \/ /|_/ / _ \
 / ___ / /_/ / /_/ / / / /  / /  __/
/_/  |_\__,_/\__/_/ /_/_/  /_/\___/ 
                                    
[07-05 11:35:09]: [INFO] AuthMeReReloaded is running on Paper
[07-05 11:35:09]: [INFO] AuthMeReReloaded is enabled successfully!
[07-05 11:35:09]: [INFO] GitHub: https://github.com/HaHaWTH/AuthMeReReloaded/
[07-05 11:35:09]: [INFO] Checking for updates...
[07-05 11:35:26]: [INFO] You are running the latest version.
[07-05 11:36:43]: [INFO:FINE] Webster_OG registered 127.239.128.122
[07-05 11:36:43]: [INFO:FINE] Webster_OG logged in 127.239.128.122
[07-05 19:29:27]: [INFO] SQLite Setup finished
[07-05 19:29:27]: [INFO] Hooked into LuckPerms!
[07-05 19:29:27]: [INFO] Hooked successfully into Essentials
[07-05 19:29:27]: [INFO] Essentials spawn file not found: '/home/friendlysmpp/FriendlySMP/plugins/Essentials/spawn.yml'
[07-05 19:29:29]: [INFO] 
    ___         __  __    __  ___   
   /   | __  __/ /_/ /_  /  |/  /__ 
  / /| |/ / / / __/ __ \/ /|_/ / _ \
 / ___ / /_/ / /_/ / / / /  / /  __/
/_/  |_\__,_/\__/_/ /_/_/  /_/\___/ 
                                    
[07-05 19:29:29]: [INFO] AuthMeReReloaded is running on Paper
[07-05 19:29:29]: [INFO] AuthMeReReloaded is enabled successfully!
[07-05 19:29:29]: [INFO] GitHub: https://github.com/HaHaWTH/AuthMeReReloaded/
[07-05 19:29:29]: [INFO] Checking for updates...
[07-05 19:29:50]: [INFO] You are running the latest version.
[07-05 19:35:25]: [INFO:FINE] Webster_OG logged in 127.239.128.122
[07-06 10:30:22]: [INFO] SQLite Setup finished
[07-06 10:30:22]: [INFO] Hooked into LuckPerms!
[07-06 10:30:23]: [INFO] Hooked successfully into Essentials
[07-06 10:30:23]: [INFO] Essentials spawn file not found: '/home/friendlysmpp/FriendlySMP/plugins/Essentials/spawn.yml'
[07-06 10:30:23]: [INFO] 
    ___         __  __    __  ___   
   /   | __  __/ /_/ /_  /  |/  /__ 
  / /| |/ / / / __/ __ \/ /|_/ / _ \
 / ___ / /_/ / /_/ / / / /  / /  __/
/_/  |_\__,_/\__/_/ /_/_/  /_/\___/ 
                                    
[07-06 10:30:23]: [INFO] AuthMeReReloaded is running on Paper
[07-06 10:30:23]: [INFO] AuthMeReReloaded is enabled successfully!
[07-06 10:30:23]: [INFO] GitHub: https://github.com/HaHaWTH/AuthMeReReloaded/
[07-06 10:30:23]: [INFO] Checking for updates...
[07-06 10:30:39]: [INFO] You are running the latest version.
[07-06 11:06:08]: [INFO:FINE] Webster_OG used the wrong password
[07-06 11:06:18]: [INFO:FINE] Webster_OG logged in 127.48.70.127
[07-06 11:32:01]: [INFO:FINE] BODYTWO registered 127.239.177.182
[07-06 11:32:01]: [INFO:FINE] BODYTWO logged in 127.239.177.182
[07-06 11:38:15]: [INFO:FINE] BODYTWO logged in 127.239.177.182
[07-06 11:40:37]: [INFO:FINE] BODYTWO logged in 127.239.177.182
[07-06 11:45:11]: [INFO:FINE] BODYTWO logged in 127.239.177.182
[07-06 13:36:15]: [INFO] SQLite Setup finished
[07-06 13:36:15]: [INFO] Hooked into LuckPerms!
[07-06 13:36:16]: [INFO] Hooked successfully into Essentials
[07-06 13:36:16]: [INFO] Essentials spawn file not found: '/home/friendlysmpp/FriendlySMP/plugins/Essentials/spawn.yml'
[07-06 13:36:17]: [INFO] 
    ___         __  __    __  ___   
   /   | __  __/ /_/ /_  /  |/  /__ 
  / /| |/ / / / __/ __ \/ /|_/ / _ \
 / ___ / /_/ / /_/ / / / /  / /  __/
/_/  |_\__,_/\__/_/ /_/_/  /_/\___/ 
                                    
[07-06 13:36:17]: [INFO] AuthMeReReloaded is running on Paper
[07-06 13:36:17]: [INFO] AuthMeReReloaded is enabled successfully!
[07-06 13:36:17]: [INFO] GitHub: https://github.com/HaHaWTH/AuthMeReReloaded/
[07-06 13:36:17]: [INFO] Checking for updates...
[07-06 13:36:35]: [INFO] You are running the latest version.
[07-06 13:38:32]: [INFO:FINE] vaibhav registered 127.239.177.182
[07-06 13:38:32]: [INFO:FINE] vaibhav logged in 127.239.177.182
[07-06 13:39:21]: [INFO:FINE] vaibhav logged in 127.239.177.182
[07-06 13:48:36]: [INFO:FINE] vaibhav logged in 127.239.177.182
[07-06 13:57:29]: [INFO:FINE] Webster_OG logged in 127.48.70.127
[07-06 13:58:22]: [INFO:FINE] vaibhav logged in 127.239.177.182
[07-06 13:59:14]: [INFO:FINE] vaibhav logged in 127.239.177.182
[07-06 14:00:15]: [INFO:FINE] vaibhav logged in 127.239.177.182
[07-06 14:01:02]: [INFO:FINE] vaibhav logged in 127.239.177.182
[07-06 14:05:31]: [INFO:FINE] vaibhav logged in 127.239.177.182
[07-06 14:06:25]: [INFO:FINE] vaibhav logged in 127.239.177.182
[07-06 14:06:48]: [INFO:FINE] vaibhav logged in 127.239.177.182
[07-06 14:07:23]: [INFO:FINE] vaibhav logged in 127.239.177.182
[07-06 14:12:45]: [INFO:FINE] vaibhav logged in 127.254.212.106
[07-06 14:12:53]: [INFO:FINE] vaibhav logged in 127.254.212.106
[07-06 14:14:46]: [INFO:FINE] vaibhav logged in 127.254.212.106
[07-06 14:20:35]: [INFO:FINE] vaibhav logged in 127.254.212.106
[07-06 14:26:25]: [INFO:FINE] vaibhav logged in 127.254.212.106
[07-06 14:27:01]: [INFO:FINE] vaibhav logged in 127.254.212.106
[07-08 20:27:59]: [INFO] SQLite Setup finished
[07-08 20:27:59]: [INFO] Hooked into LuckPerms!
[07-08 20:28:00]: [INFO] Hooked successfully into Essentials
[07-08 20:28:00]: [INFO] Essentials spawn file not found: '/home/friendlysmpp/FriendlySMP/plugins/Essentials/spawn.yml'
[07-08 20:28:00]: [INFO] 
    ___         __  __    __  ___   
   /   | __  __/ /_/ /_  /  |/  /__ 
  / /| |/ / / / __/ __ \/ /|_/ / _ \
 / ___ / /_/ / /_/ / / / /  / /  __/
/_/  |_\__,_/\__/_/ /_/_/  /_/\___/ 
                                    
[07-08 20:28:00]: [INFO] AuthMeReReloaded is running on Paper
[07-08 20:28:00]: [INFO] AuthMeReReloaded is enabled successfully!
[07-08 20:28:00]: [INFO] GitHub: https://github.com/HaHaWTH/AuthMeReReloaded/
[07-08 20:28:00]: [INFO] Checking for updates...
[07-08 20:28:14]: [INFO] You are running the latest version.
[07-08 20:29:46]: [INFO:FINE] AryanIssPro registered 100.64.1.2
[07-08 20:29:46]: [INFO:FINE] AryanIssPro logged in 100.64.1.2
[07-08 20:32:53]: [INFO:FINE] AryanIssPro logged in 100.64.1.2
[07-08 20:34:02]: [INFO:FINE] AryanIssPro logged in 100.64.1.2
[07-08 20:35:17]: [INFO:FINE] AryanIssPro logged in 100.64.1.2
[07-08 20:36:46]: [INFO:FINE] AryanIssPro logged in 127.9.49.113
[07-08 20:38:45]: [INFO:FINE] Webster_OG logged in 100.64.1.2
[07-08 20:42:42]: [INFO:FINE] Webster_OG logged in 127.9.49.113
[07-08 20:46:08]: [INFO:FINE] Webster_OG logged in 100.64.1.2
[07-16 16:52:28]: [INFO] SQLite Setup finished
[07-16 16:52:28]: [INFO] Hooked into LuckPerms!
[07-16 16:52:28]: [INFO] Hooked successfully into Essentials
[07-16 16:52:29]: [INFO] Essentials spawn file not found: '/home/friendlysmpp/FriendlySMP/plugins/Essentials/spawn.yml'
[07-16 16:52:29]: [INFO] 
    ___         __  __    __  ___   
   /   | __  __/ /_/ /_  /  |/  /__ 
  / /| |/ / / / __/ __ \/ /|_/ / _ \
 / ___ / /_/ / /_/ / / / /  / /  __/
/_/  |_\__,_/\__/_/ /_/_/  /_/\___/ 
                                    
[07-16 16:52:29]: [INFO] AuthMeReReloaded is running on Paper
[07-16 16:52:29]: [INFO] AuthMeReReloaded is enabled successfully!
[07-16 16:52:29]: [INFO] GitHub: https://github.com/HaHaWTH/AuthMeReReloaded/
[07-16 16:52:29]: [INFO] Checking for updates...
[07-16 16:52:49]: [INFO] You are running the latest version.
[07-16 17:25:59]: [INFO] SQLite Setup finished
[07-16 17:26:00]: [INFO] Hooked into LuckPerms!
[07-16 17:26:01]: [INFO] Hooked successfully into Essentials
[07-16 17:26:01]: [INFO] Essentials spawn file not found: '/home/friendlysmpp/FriendlySMP/plugins/Essentials/spawn.yml'
[07-16 17:26:03]: [INFO] 
    ___         __  __    __  ___   
   /   | __  __/ /_/ /_  /  |/  /__ 
  / /| |/ / / / __/ __ \/ /|_/ / _ \
 / ___ / /_/ / /_/ / / / /  / /  __/
/_/  |_\__,_/\__/_/ /_/_/  /_/\___/ 
                                    
[07-16 17:26:03]: [INFO] AuthMeReReloaded is running on Paper
[07-16 17:26:03]: [INFO] AuthMeReReloaded is enabled successfully!
[07-16 17:26:03]: [INFO] GitHub: https://github.com/HaHaWTH/AuthMeReReloaded/
[07-16 17:26:03]: [INFO] Checking for updates...
[07-16 17:26:26]: [INFO] You are running the latest version.
[07-16 22:45:10]: [INFO] SQLite Setup finished
[07-16 22:45:11]: [INFO] Hooked into LuckPerms!
[07-16 22:45:11]: [INFO] Hooked successfully into Essentials
[07-16 22:45:11]: [INFO] Essentials spawn file not found: '/home/friendlysmpp/FriendlySMP/plugins/Essentials/spawn.yml'
[07-16 22:45:12]: [INFO] 
    ___         __  __    __  ___   
   /   | __  __/ /_/ /_  /  |/  /__ 
  / /| |/ / / / __/ __ \/ /|_/ / _ \
 / ___ / /_/ / /_/ / / / /  / /  __/
/_/  |_\__,_/\__/_/ /_/_/  /_/\___/ 
                                    
[07-16 22:45:12]: [INFO] AuthMeReReloaded is running on Paper
[07-16 22:45:12]: [INFO] AuthMeReReloaded is enabled successfully!
[07-16 22:45:12]: [INFO] GitHub: https://github.com/HaHaWTH/AuthMeReReloaded/
[07-16 22:45:12]: [INFO] Checking for updates...
[07-16 22:45:37]: [INFO] You are running the latest version.
